#
# There is insufficient memory for the Java Runtime Environment to continue.
# Native memory allocation (malloc) failed to allocate 327216 bytes for Chunk::new
# Possible reasons:
#   The system is out of physical RAM or swap space
#   The process is running with CompressedOops enabled, and the Java Heap may be blocking the growth of the native heap
# Possible solutions:
#   Reduce memory load on the system
#   Increase physical memory or swap space
#   Check if swap backing store is full
#   Decrease Java heap size (-Xmx/-Xms)
#   Decrease number of Java threads
#   Decrease Java thread stack sizes (-Xss)
#   Set larger code cache with -XX:ReservedCodeCacheSize=
#   JVM is running with Unscaled Compressed Oops mode in which the Java heap is
#     placed in the first 4GB address space. The Java Heap base address is the
#     maximum limit for the native heap growth. Please use -XX:HeapBaseMinAddress
#     to set the Java Heap base and to place the Java Heap above 4GB virtual address.
# This output file may be truncated or incomplete.
#
#  Out of Memory Error (arena.cpp:191), pid=11356, tid=3648
#
# JRE version: OpenJDK Runtime Environment Temurin-17.0.10+7 (17.0.10+7) (build 17.0.10+7)
# Java VM: OpenJDK 64-Bit Server VM Temurin-17.0.10+7 (17.0.10+7, mixed mode, tiered, compressed oops, compressed class ptrs, parallel gc, windows-amd64)
# No core dump will be written. Minidumps are not enabled by default on client versions of Windows
#

---------------  S U M M A R Y ------------

Command Line: --add-modules=ALL-SYSTEM --add-opens=java.base/java.util=ALL-UNNAMED --add-opens=java.base/java.lang=ALL-UNNAMED --add-opens=java.base/sun.nio.fs=ALL-UNNAMED -Declipse.application=org.eclipse.jdt.ls.core.id1 -Dosgi.bundles.defaultStartLevel=4 -Declipse.product=org.eclipse.jdt.ls.core.product -Djava.import.generatesMetadataFilesAtProjectRoot=false -DDetectVMInstallationsJob.disabled=true -Dfile.encoding=utf8 -XX:+UseParallelGC -XX:GCTimeRatio=4 -XX:AdaptiveSizePolicyWeight=90 -Dsun.zip.disableMemoryMapping=true -Xmx1G -Xms100m -Xlog:disable -javaagent:c:\Users\gunes\.vscode\extensions\redhat.java-1.30.0-win32-x64\lombok\lombok-1.18.32.jar c:\Users\gunes\.vscode\extensions\redhat.java-1.30.0-win32-x64\server\plugins\org.eclipse.equinox.launcher_1.6.800.v20240330-1250.jar -configuration c:\Users\gunes\AppData\Roaming\Code\User\globalStorage\redhat.java\1.30.0\config_ss_win -data c:\Users\gunes\AppData\Roaming\Code\User\workspaceStorage\d69fcd4d3181687b3fcb63d69d6c0583\redhat.java\ss_ws --pipe=\\.\pipe\lsp-51c5ab15daa2b6e37df1ade6d573aa7e-sock

Host: 12th Gen Intel(R) Core(TM) i5-1235U, 12 cores, 7G,  Windows 11 , 64 bit Build 22621 (10.0.22621.3527)
Time: Thu May  2 15:08:56 2024 India Standard Time elapsed time: 0.886859 seconds (0d 0h 0m 0s)

---------------  T H R E A D  ---------------

Current thread (0x00000206ac94ce40):  JavaThread "C2 CompilerThread0" daemon [_thread_in_native, id=3648, stack(0x000000e0a8d00000,0x000000e0a8e00000)]


Current CompileTask:
C2:    886 1073       4       lombok.launch.PackageShader::apply (252 bytes)

Stack: [0x000000e0a8d00000,0x000000e0a8e00000]
Native frames: (J=compiled Java code, j=interpreted, Vv=VM code, C=native code)
V  [jvm.dll+0x67d2c9]
V  [jvm.dll+0x834afa]
V  [jvm.dll+0x8365be]
V  [jvm.dll+0x836c23]
V  [jvm.dll+0x2477ff]
V  [jvm.dll+0xac514]
V  [jvm.dll+0xacb5c]
V  [jvm.dll+0x2aed1f]
V  [jvm.dll+0x584b67]
V  [jvm.dll+0x2228a2]
V  [jvm.dll+0x222c8f]
V  [jvm.dll+0x21bdb6]
V  [jvm.dll+0x219201]
V  [jvm.dll+0x1a502d]
V  [jvm.dll+0x2290de]
V  [jvm.dll+0x2272ac]
V  [jvm.dll+0x7e9bb7]
V  [jvm.dll+0x7e3fba]
V  [jvm.dll+0x67c1b5]
C  [ucrtbase.dll+0x29333]
C  [KERNEL32.DLL+0x1257d]
C  [ntdll.dll+0x5aa48]


---------------  P R O C E S S  ---------------

Threads class SMR info:
_java_thread_list=0x00000206ae1124f0, length=12, elements={
0x0000020691a9e210, 0x00000206a7871020, 0x00000206a7873390, 0x00000206ac94a000,
0x00000206ac94a9d0, 0x00000206ac94b590, 0x00000206ac94c150, 0x00000206ac94ce40,
0x00000206ac94e580, 0x00000206ac9604a0, 0x00000206ac9c4bd0, 0x00000206acc87ff0
}

Java Threads: ( => current thread )
  0x0000020691a9e210 JavaThread "main" [_thread_in_Java, id=15088, stack(0x000000e0a8400000,0x000000e0a8500000)]
  0x00000206a7871020 JavaThread "Reference Handler" daemon [_thread_blocked, id=18840, stack(0x000000e0a8700000,0x000000e0a8800000)]
  0x00000206a7873390 JavaThread "Finalizer" daemon [_thread_blocked, id=15596, stack(0x000000e0a8800000,0x000000e0a8900000)]
  0x00000206ac94a000 JavaThread "Signal Dispatcher" daemon [_thread_blocked, id=2148, stack(0x000000e0a8900000,0x000000e0a8a00000)]
  0x00000206ac94a9d0 JavaThread "Attach Listener" daemon [_thread_blocked, id=4340, stack(0x000000e0a8a00000,0x000000e0a8b00000)]
  0x00000206ac94b590 JavaThread "Service Thread" daemon [_thread_blocked, id=11608, stack(0x000000e0a8b00000,0x000000e0a8c00000)]
  0x00000206ac94c150 JavaThread "Monitor Deflation Thread" daemon [_thread_blocked, id=11088, stack(0x000000e0a8c00000,0x000000e0a8d00000)]
=>0x00000206ac94ce40 JavaThread "C2 CompilerThread0" daemon [_thread_in_native, id=3648, stack(0x000000e0a8d00000,0x000000e0a8e00000)]
  0x00000206ac94e580 JavaThread "C1 CompilerThread0" daemon [_thread_blocked, id=18872, stack(0x000000e0a8e00000,0x000000e0a8f00000)]
  0x00000206ac9604a0 JavaThread "Sweeper thread" daemon [_thread_blocked, id=17316, stack(0x000000e0a8f00000,0x000000e0a9000000)]
  0x00000206ac9c4bd0 JavaThread "Common-Cleaner" daemon [_thread_blocked, id=11516, stack(0x000000e0a9000000,0x000000e0a9100000)]
  0x00000206acc87ff0 JavaThread "Notification Thread" daemon [_thread_blocked, id=5368, stack(0x000000e0a9100000,0x000000e0a9200000)]

Other Threads:
  0x0000020691b4ec70 VMThread "VM Thread" [stack: 0x000000e0a8600000,0x000000e0a8700000] [id=13644]
  0x00000206acc884d0 WatcherThread [stack: 0x000000e0a9200000,0x000000e0a9300000] [id=17076]
  0x0000020691ab4f20 GCTaskThread "GC Thread#0" [stack: 0x000000e0a8500000,0x000000e0a8600000] [id=7108]
  0x00000206ae3fbea0 GCTaskThread "GC Thread#1" [stack: 0x000000e0a9300000,0x000000e0a9400000] [id=4660]
  0x00000206ae711570 GCTaskThread "GC Thread#2" [stack: 0x000000e0a9400000,0x000000e0a9500000] [id=16188]
  0x00000206ae711830 GCTaskThread "GC Thread#3" [stack: 0x000000e0a9500000,0x000000e0a9600000] [id=1300]
  0x00000206ae711af0 GCTaskThread "GC Thread#4" [stack: 0x000000e0a9600000,0x000000e0a9700000] [id=12564]
  0x00000206ae68b320 GCTaskThread "GC Thread#5" [stack: 0x000000e0a9700000,0x000000e0a9800000] [id=17576]
  0x00000206ae68b5e0 GCTaskThread "GC Thread#6" [stack: 0x000000e0a9800000,0x000000e0a9900000] [id=8768]

Threads with active compile tasks:
C2 CompilerThread0      916 1073       4       lombok.launch.PackageShader::apply (252 bytes)

VM state: not at safepoint (normal execution)

VM Mutex/Monitor currently owned by a thread: None

Heap address: 0x00000000c0000000, size: 1024 MB, Compressed Oops mode: 32-bit

CDS archive(s) not mapped
Compressed class space mapped at: 0x0000000100000000-0x0000000140000000, reserved size: 1073741824
Narrow klass base: 0x0000000000000000, Narrow klass shift: 3, Narrow klass range: 0x140000000

GC Precious Log:
 CPUs: 12 total, 12 available
 Memory: 7891M
 Large Page Support: Disabled
 NUMA Support: Disabled
 Compressed Oops: Enabled (32-bit)
 Alignments: Space 512K, Generation 512K, Heap 2M
 Heap Min Capacity: 100M
 Heap Initial Capacity: 100M
 Heap Max Capacity: 1G
 Pre-touch: Disabled
 Parallel Workers: 10

Heap:
 PSYoungGen      total 29696K, used 11948K [0x00000000eab00000, 0x00000000ecc00000, 0x0000000100000000)
  eden space 25600K, 34% used [0x00000000eab00000,0x00000000eb39df00,0x00000000ec400000)
  from space 4096K, 76% used [0x00000000ec400000,0x00000000ec70d298,0x00000000ec800000)
  to   space 4096K, 0% used [0x00000000ec800000,0x00000000ec800000,0x00000000ecc00000)
 ParOldGen       total 68608K, used 16K [0x00000000c0000000, 0x00000000c4300000, 0x00000000eab00000)
  object space 68608K, 0% used [0x00000000c0000000,0x00000000c0004000,0x00000000c4300000)
 Metaspace       used 12261K, committed 12416K, reserved 1114112K
  class space    used 1200K, committed 1280K, reserved 1048576K

Card table byte_map: [0x00000206a50f0000,0x00000206a5300000] _byte_map_base: 0x00000206a4af0000

Marking Bits: (ParMarkBitMap*) 0x00007fffcb38d7d0
 Begin Bits: [0x00000206a5460000, 0x00000206a6460000)
 End Bits:   [0x00000206a6460000, 0x00000206a7460000)

Polling page: 0x0000020695ee0000

Metaspace:

Usage:
  Non-class:     10.80 MB used.
      Class:      1.17 MB used.
       Both:     11.97 MB used.

Virtual space:
  Non-class space:       64.00 MB reserved,      10.88 MB ( 17%) committed,  1 nodes.
      Class space:        1.00 GB reserved,       1.25 MB ( <1%) committed,  1 nodes.
             Both:        1.06 GB reserved,      12.12 MB (  1%) committed. 

Chunk freelists:
   Non-Class:  4.30 MB
       Class:  14.61 MB
        Both:  18.91 MB

MaxMetaspaceSize: unlimited
CompressedClassSpaceSize: 1.00 GB
Initial GC threshold: 21.00 MB
Current GC threshold: 21.00 MB
CDS: off
MetaspaceReclaimPolicy: balanced
 - commit_granule_bytes: 65536.
 - commit_granule_words: 8192.
 - virtual_space_node_default_size: 8388608.
 - enlarge_chunks_in_place: 1.
 - new_chunks_are_fully_committed: 0.
 - uncommit_free_chunks: 1.
 - use_allocation_guard: 0.
 - handle_deallocations: 1.


Internal statistics:

num_allocs_failed_limit: 0.
num_arena_births: 30.
num_arena_deaths: 0.
num_vsnodes_births: 2.
num_vsnodes_deaths: 0.
num_space_committed: 194.
num_space_uncommitted: 0.
num_chunks_returned_to_freelist: 0.
num_chunks_taken_from_freelist: 141.
num_chunk_merges: 0.
num_chunk_splits: 98.
num_chunks_enlarged: 85.
num_inconsistent_stats: 0.

CodeHeap 'non-profiled nmethods': size=120000Kb used=393Kb max_used=393Kb free=119606Kb
 bounds [0x000002069d9d0000, 0x000002069dc40000, 0x00000206a4f00000]
CodeHeap 'profiled nmethods': size=120000Kb used=1999Kb max_used=1999Kb free=118000Kb
 bounds [0x0000020695f00000, 0x0000020696170000, 0x000002069d430000]
CodeHeap 'non-nmethods': size=5760Kb used=1145Kb max_used=1167Kb free=4614Kb
 bounds [0x000002069d430000, 0x000002069d6a0000, 0x000002069d9d0000]
 total_blobs=1550 nmethods=1112 adapters=353
 compilation: enabled
              stopped_count=0, restarted_count=0
 full_count=0

Compilation events (20 events):
Event: 0.867 Thread 0x00000206ac94e580 1074   !   3       java.lang.String::<init> (843 bytes)
Event: 0.870 Thread 0x00000206ac94e580 nmethod 1074 0x00000206960d5010 code [0x00000206960d54c0, 0x00000206960d7d08]
Event: 0.872 Thread 0x00000206ac94ce40 nmethod 1058 0x000002069da30f90 code [0x000002069da31140, 0x000002069da31838]
Event: 0.872 Thread 0x00000206ac94ce40 1073       4       lombok.launch.PackageShader::apply (252 bytes)
Event: 0.873 Thread 0x00000206ac94e580 1075       3       org.lombokweb.asm.ClassReader::readUtf (44 bytes)
Event: 0.873 Thread 0x00000206ac94e580 nmethod 1075 0x00000206960d8990 code [0x00000206960d8b60, 0x00000206960d8ef8]
Event: 0.873 Thread 0x00000206ac94e580 1076       3       org.lombokweb.asm.ClassReader::readUtf (161 bytes)
Event: 0.873 Thread 0x00000206ac94e580 nmethod 1076 0x00000206960d9090 code [0x00000206960d9260, 0x00000206960d96c8]
Event: 0.873 Thread 0x00000206ac94e580 1077       3       org.lombokweb.asm.ClassReader::getItem (7 bytes)
Event: 0.873 Thread 0x00000206ac94e580 nmethod 1077 0x00000206960d9990 code [0x00000206960d9b20, 0x00000206960d9c58]
Event: 0.873 Thread 0x00000206ac94e580 1078       3       org.lombokweb.asm.Symbol::<init> (38 bytes)
Event: 0.874 Thread 0x00000206ac94e580 nmethod 1078 0x00000206960d9d10 code [0x00000206960d9ea0, 0x00000206960da058]
Event: 0.874 Thread 0x00000206ac94e580 1079       3       org.lombokweb.asm.SymbolTable::add (39 bytes)
Event: 0.874 Thread 0x00000206ac94e580 nmethod 1079 0x00000206960da190 code [0x00000206960da340, 0x00000206960da5f8]
Event: 0.874 Thread 0x00000206ac94e580 1080       3       org.lombokweb.asm.ClassReader::readUTF8 (23 bytes)
Event: 0.874 Thread 0x00000206ac94e580 nmethod 1080 0x00000206960da710 code [0x00000206960da8c0, 0x00000206960dab18]
Event: 0.874 Thread 0x00000206ac94e580 1081       3       java.io.File::getAbsolutePath (8 bytes)
Event: 0.874 Thread 0x00000206ac94e580 nmethod 1081 0x00000206960dac10 code [0x00000206960dadc0, 0x00000206960daf28]
Event: 0.874 Thread 0x00000206ac94e580 1082   !   3       java.io.WinNTFileSystem::resolve (362 bytes)
Event: 0.877 Thread 0x00000206ac94e580 nmethod 1082 0x00000206960db010 code [0x00000206960db9c0, 0x00000206960e0308]

GC Heap History (2 events):
Event: 0.749 GC heap before
{Heap before GC invocations=1 (full 0):
 PSYoungGen      total 29696K, used 25600K [0x00000000eab00000, 0x00000000ecc00000, 0x0000000100000000)
  eden space 25600K, 100% used [0x00000000eab00000,0x00000000ec400000,0x00000000ec400000)
  from space 4096K, 0% used [0x00000000ec800000,0x00000000ec800000,0x00000000ecc00000)
  to   space 4096K, 0% used [0x00000000ec400000,0x00000000ec400000,0x00000000ec800000)
 ParOldGen       total 68608K, used 0K [0x00000000c0000000, 0x00000000c4300000, 0x00000000eab00000)
  object space 68608K, 0% used [0x00000000c0000000,0x00000000c0000000,0x00000000c4300000)
 Metaspace       used 10979K, committed 11200K, reserved 1114112K
  class space    used 1096K, committed 1216K, reserved 1048576K
}
Event: 0.756 GC heap after
{Heap after GC invocations=1 (full 0):
 PSYoungGen      total 29696K, used 3124K [0x00000000eab00000, 0x00000000ecc00000, 0x0000000100000000)
  eden space 25600K, 0% used [0x00000000eab00000,0x00000000eab00000,0x00000000ec400000)
  from space 4096K, 76% used [0x00000000ec400000,0x00000000ec70d298,0x00000000ec800000)
  to   space 4096K, 0% used [0x00000000ec800000,0x00000000ec800000,0x00000000ecc00000)
 ParOldGen       total 68608K, used 16K [0x00000000c0000000, 0x00000000c4300000, 0x00000000eab00000)
  object space 68608K, 0% used [0x00000000c0000000,0x00000000c0004000,0x00000000c4300000)
 Metaspace       used 10979K, committed 11200K, reserved 1114112K
  class space    used 1096K, committed 1216K, reserved 1048576K
}

Dll operation events (8 events):
Event: 0.008 Loaded shared library c:\Users\gunes\.vscode\extensions\redhat.java-1.30.0-win32-x64\jre\17.0.10-win32-x86_64\bin\java.dll
Event: 0.145 Loaded shared library c:\Users\gunes\.vscode\extensions\redhat.java-1.30.0-win32-x64\jre\17.0.10-win32-x86_64\bin\zip.dll
Event: 0.149 Loaded shared library C:\Users\gunes\.vscode\extensions\redhat.java-1.30.0-win32-x64\jre\17.0.10-win32-x86_64\bin\instrument.dll
Event: 0.159 Loaded shared library C:\Users\gunes\.vscode\extensions\redhat.java-1.30.0-win32-x64\jre\17.0.10-win32-x86_64\bin\net.dll
Event: 0.160 Loaded shared library C:\Users\gunes\.vscode\extensions\redhat.java-1.30.0-win32-x64\jre\17.0.10-win32-x86_64\bin\nio.dll
Event: 0.167 Loaded shared library C:\Users\gunes\.vscode\extensions\redhat.java-1.30.0-win32-x64\jre\17.0.10-win32-x86_64\bin\zip.dll
Event: 0.180 Loaded shared library C:\Users\gunes\.vscode\extensions\redhat.java-1.30.0-win32-x64\jre\17.0.10-win32-x86_64\bin\jimage.dll
Event: 0.227 Loaded shared library c:\Users\gunes\.vscode\extensions\redhat.java-1.30.0-win32-x64\jre\17.0.10-win32-x86_64\bin\verify.dll

Deoptimization events (20 events):
Event: 0.838 Thread 0x0000020691a9e210 Uncommon trap: trap_request=0xffffff45 fr.pc=0x000002069da0d894 relative=0x0000000000000074
Event: 0.838 Thread 0x0000020691a9e210 Uncommon trap: reason=unstable_if action=reinterpret pc=0x000002069da0d894 method=lombok.patcher.scripts.MethodLevelPatchScript.patch(Ljava/lang/String;[BLlombok/patcher/TransplantMapper;)[B @ 8 c2
Event: 0.838 Thread 0x0000020691a9e210 DEOPT PACKING pc=0x000002069da0d894 sp=0x000000e0a84f87e0
Event: 0.838 Thread 0x0000020691a9e210 DEOPT UNPACKING pc=0x000002069d4866a3 sp=0x000000e0a84f8770 mode 2
Event: 0.838 Thread 0x0000020691a9e210 Uncommon trap: trap_request=0xffffff45 fr.pc=0x000002069da239ec relative=0x000000000000044c
Event: 0.838 Thread 0x0000020691a9e210 Uncommon trap: reason=unstable_if action=reinterpret pc=0x000002069da239ec method=java.lang.String.<init>([BIILjava/nio/charset/Charset;)V @ 47 c2
Event: 0.838 Thread 0x0000020691a9e210 DEOPT PACKING pc=0x000002069da239ec sp=0x000000e0a84f7b60
Event: 0.838 Thread 0x0000020691a9e210 DEOPT UNPACKING pc=0x000002069d4866a3 sp=0x000000e0a84f7b18 mode 2
Event: 0.839 Thread 0x0000020691a9e210 DEOPT PACKING pc=0x0000020695f75645 sp=0x000000e0a84f7c30
Event: 0.839 Thread 0x0000020691a9e210 DEOPT UNPACKING pc=0x000002069d486e43 sp=0x000000e0a84f70e0 mode 0
Event: 0.848 Thread 0x0000020691a9e210 DEOPT PACKING pc=0x0000020695f75645 sp=0x000000e0a84f4010
Event: 0.848 Thread 0x0000020691a9e210 DEOPT UNPACKING pc=0x000002069d486e43 sp=0x000000e0a84f34c0 mode 0
Event: 0.852 Thread 0x0000020691a9e210 DEOPT PACKING pc=0x0000020695f75645 sp=0x000000e0a84f4010
Event: 0.852 Thread 0x0000020691a9e210 DEOPT UNPACKING pc=0x000002069d486e43 sp=0x000000e0a84f34c0 mode 0
Event: 0.861 Thread 0x0000020691a9e210 DEOPT PACKING pc=0x0000020695f75645 sp=0x000000e0a84f4010
Event: 0.861 Thread 0x0000020691a9e210 DEOPT UNPACKING pc=0x000002069d486e43 sp=0x000000e0a84f34c0 mode 0
Event: 0.866 Thread 0x0000020691a9e210 DEOPT PACKING pc=0x0000020695f75645 sp=0x000000e0a84f7b40
Event: 0.866 Thread 0x0000020691a9e210 DEOPT UNPACKING pc=0x000002069d486e43 sp=0x000000e0a84f6ff0 mode 0
Event: 0.883 Thread 0x0000020691a9e210 DEOPT PACKING pc=0x0000020695f75645 sp=0x000000e0a84f3ca0
Event: 0.883 Thread 0x0000020691a9e210 DEOPT UNPACKING pc=0x000002069d486e43 sp=0x000000e0a84f3150 mode 0

Classes unloaded (0 events):
No events

Classes redefined (0 events):
No events

Internal exceptions (19 events):
Event: 0.121 Thread 0x0000020691a9e210 Exception <a 'java/lang/NoSuchMethodError'{0x00000000eacb4e38}: 'void java.lang.invoke.DirectMethodHandle$Holder.invokeStatic(java.lang.Object, java.lang.Object, java.lang.Object)'> (0x00000000eacb4e38) 
thrown [s\src\hotspot\share\interpreter\linkResolver.cpp, line 759]
Event: 0.250 Thread 0x0000020691a9e210 Exception <a 'java/lang/reflect/InvocationTargetException'{0x00000000eafe6668}> (0x00000000eafe6668) 
thrown [s\src\hotspot\share\runtime\reflection.cpp, line 1121]
Event: 0.495 Thread 0x0000020691a9e210 Exception <a 'java/lang/ClassNotFoundException'{0x00000000eb864cb0}: sun/net/www/protocol/c/Handler> (0x00000000eb864cb0) 
thrown [s\src\hotspot\share\classfile\systemDictionary.cpp, line 256]
Event: 0.499 Thread 0x0000020691a9e210 Exception <a 'java/io/FileNotFoundException'{0x00000000eb87c890}> (0x00000000eb87c890) 
thrown [s\src\hotspot\share\prims\jni.cpp, line 516]
Event: 0.499 Thread 0x0000020691a9e210 Exception <a 'java/io/FileNotFoundException'{0x00000000eb87d5a0}> (0x00000000eb87d5a0) 
thrown [s\src\hotspot\share\prims\jni.cpp, line 516]
Event: 0.500 Thread 0x0000020691a9e210 Exception <a 'java/io/FileNotFoundException'{0x00000000eb87e290}> (0x00000000eb87e290) 
thrown [s\src\hotspot\share\prims\jni.cpp, line 516]
Event: 0.500 Thread 0x0000020691a9e210 Exception <a 'java/io/FileNotFoundException'{0x00000000eb87ef50}> (0x00000000eb87ef50) 
thrown [s\src\hotspot\share\prims\jni.cpp, line 516]
Event: 0.507 Thread 0x0000020691a9e210 Exception <a 'java/io/FileNotFoundException'{0x00000000eb8b9b10}> (0x00000000eb8b9b10) 
thrown [s\src\hotspot\share\prims\jni.cpp, line 516]
Event: 0.656 Thread 0x0000020691a9e210 Exception <a 'java/lang/ClassNotFoundException'{0x00000000ec0c33f8}: sun/net/www/protocol/c/Handler> (0x00000000ec0c33f8) 
thrown [s\src\hotspot\share\classfile\systemDictionary.cpp, line 256]
Event: 0.656 Thread 0x0000020691a9e210 Exception <a 'java/lang/ClassNotFoundException'{0x00000000ec0c46f0}: sun/net/www/protocol/d/Handler> (0x00000000ec0c46f0) 
thrown [s\src\hotspot\share\classfile\systemDictionary.cpp, line 256]
Event: 0.656 Thread 0x0000020691a9e210 Exception <a 'java/lang/ClassNotFoundException'{0x00000000ec0c5800}: sun/net/www/protocol/c/Handler> (0x00000000ec0c5800) 
thrown [s\src\hotspot\share\classfile\systemDictionary.cpp, line 256]
Event: 0.663 Thread 0x0000020691a9e210 Exception <a 'java/io/FileNotFoundException'{0x00000000ec0e9150}> (0x00000000ec0e9150) 
thrown [s\src\hotspot\share\prims\jni.cpp, line 516]
Event: 0.741 Thread 0x0000020691a9e210 Exception <a 'java/lang/NoSuchMethodError'{0x00000000ec3c5628}: 'int java.lang.invoke.DirectMethodHandle$Holder.invokeStaticInit(java.lang.Object, java.lang.Object, java.lang.Object, java.lang.Object)'> (0x00000000ec3c5628) 
thrown [s\src\hotspot\share\interpreter\linkResolver.cpp, line 759]
Event: 0.743 Thread 0x0000020691a9e210 Exception <a 'java/lang/NoSuchMethodError'{0x00000000ec3cfc98}: 'java.lang.Object java.lang.invoke.DirectMethodHandle$Holder.invokeInterface(java.lang.Object, java.lang.Object)'> (0x00000000ec3cfc98) 
thrown [s\src\hotspot\share\interpreter\linkResolver.cpp, line 759]
Event: 0.743 Thread 0x0000020691a9e210 Exception <a 'java/lang/IncompatibleClassChangeError'{0x00000000ec3d3490}: Found class java.lang.Object, but interface was expected> (0x00000000ec3d3490) 
thrown [s\src\hotspot\share\interpreter\linkResolver.cpp, line 826]
Event: 0.744 Thread 0x0000020691a9e210 Exception <a 'java/lang/NoSuchMethodError'{0x00000000ec3d7980}: 'void java.lang.invoke.DirectMethodHandle$Holder.invokeStatic(java.lang.Object, java.lang.Object)'> (0x00000000ec3d7980) 
thrown [s\src\hotspot\share\interpreter\linkResolver.cpp, line 759]
Event: 0.744 Thread 0x0000020691a9e210 Exception <a 'java/lang/NoSuchMethodError'{0x00000000ec3db180}: 'void java.lang.invoke.DirectMethodHandle$Holder.invokeStaticInit(java.lang.Object, java.lang.Object)'> (0x00000000ec3db180) 
thrown [s\src\hotspot\share\interpreter\linkResolver.cpp, line 759]
Event: 0.745 Thread 0x0000020691a9e210 Exception <a 'java/lang/NoSuchMethodError'{0x00000000ec3e25f0}: 'int java.lang.invoke.DirectMethodHandle$Holder.invokeStaticInit(java.lang.Object, java.lang.Object)'> (0x00000000ec3e25f0) 
thrown [s\src\hotspot\share\interpreter\linkResolver.cpp, line 759]
Event: 0.783 Thread 0x0000020691a9e210 Exception <a 'java/lang/NoSuchMethodError'{0x00000000eac0d120}: 'void java.lang.invoke.DirectMethodHandle$Holder.invokeSpecial(java.lang.Object, java.lang.Object, java.lang.Object)'> (0x00000000eac0d120) 
thrown [s\src\hotspot\share\interpreter\linkResolver.cpp, line 759]

VM Operations (12 events):
Event: 0.126 Executing VM operation: HandshakeAllThreads
Event: 0.126 Executing VM operation: HandshakeAllThreads done
Event: 0.194 Executing VM operation: HandshakeAllThreads
Event: 0.194 Executing VM operation: HandshakeAllThreads done
Event: 0.476 Executing VM operation: HandshakeAllThreads
Event: 0.477 Executing VM operation: HandshakeAllThreads done
Event: 0.490 Executing VM operation: HandshakeAllThreads
Event: 0.491 Executing VM operation: HandshakeAllThreads done
Event: 0.701 Executing VM operation: ICBufferFull
Event: 0.701 Executing VM operation: ICBufferFull done
Event: 0.749 Executing VM operation: ParallelGCFailedAllocation
Event: 0.756 Executing VM operation: ParallelGCFailedAllocation done

Events (20 events):
Event: 0.803 loading class java/util/concurrent/SynchronousQueue$TransferStack
Event: 0.803 loading class java/util/concurrent/SynchronousQueue$Transferer
Event: 0.803 loading class java/util/concurrent/SynchronousQueue$Transferer done
Event: 0.803 loading class java/util/concurrent/SynchronousQueue$TransferStack done
Event: 0.803 loading class java/util/concurrent/SynchronousQueue$TransferStack$SNode
Event: 0.803 loading class java/util/concurrent/ForkJoinPool$ManagedBlocker
Event: 0.803 loading class java/util/concurrent/ForkJoinPool$ManagedBlocker done
Event: 0.803 loading class java/util/concurrent/SynchronousQueue$TransferStack$SNode done
Event: 0.804 loading class java/util/concurrent/RejectedExecutionHandler
Event: 0.804 loading class java/util/concurrent/RejectedExecutionHandler done
Event: 0.804 loading class java/util/concurrent/LinkedBlockingQueue
Event: 0.804 loading class java/util/concurrent/LinkedBlockingQueue done
Event: 0.804 loading class java/util/concurrent/LinkedBlockingQueue$Node
Event: 0.804 loading class java/util/concurrent/LinkedBlockingQueue$Node done
Event: 0.815 loading class java/util/concurrent/Semaphore$NonfairSync
Event: 0.815 loading class java/util/concurrent/Semaphore$Sync
Event: 0.815 loading class java/util/concurrent/Semaphore$Sync done
Event: 0.815 loading class java/util/concurrent/Semaphore$NonfairSync done
Event: 0.856 loading class java/lang/TypeNotPresentException
Event: 0.856 loading class java/lang/TypeNotPresentException done


Dynamic libraries:
0x00007ff7b32c0000 - 0x00007ff7b32ce000 	c:\Users\gunes\.vscode\extensions\redhat.java-1.30.0-win32-x64\jre\17.0.10-win32-x86_64\bin\java.exe
0x00007ff83caf0000 - 0x00007ff83cd07000 	C:\WINDOWS\SYSTEM32\ntdll.dll
0x00007ff83c9e0000 - 0x00007ff83caa4000 	C:\WINDOWS\System32\KERNEL32.DLL
0x00007ff83a350000 - 0x00007ff83a6f7000 	C:\WINDOWS\System32\KERNELBASE.dll
0x00007ff83a700000 - 0x00007ff83a811000 	C:\WINDOWS\System32\ucrtbase.dll
0x00007ff830390000 - 0x00007ff8303a7000 	c:\Users\gunes\.vscode\extensions\redhat.java-1.30.0-win32-x64\jre\17.0.10-win32-x86_64\bin\jli.dll
0x00007ff834aa0000 - 0x00007ff834abb000 	c:\Users\gunes\.vscode\extensions\redhat.java-1.30.0-win32-x64\jre\17.0.10-win32-x86_64\bin\VCRUNTIME140.dll
0x00007ff83b7d0000 - 0x00007ff83b97e000 	C:\WINDOWS\System32\USER32.dll
0x00007ff83a2b0000 - 0x00007ff83a2d6000 	C:\WINDOWS\System32\win32u.dll
0x00007ff823990000 - 0x00007ff823c23000 	C:\WINDOWS\WinSxS\amd64_microsoft.windows.common-controls_6595b64144ccf1df_6.0.22621.3527_none_270e469b73872a76\COMCTL32.dll
0x00007ff83bab0000 - 0x00007ff83bad9000 	C:\WINDOWS\System32\GDI32.dll
0x00007ff83c650000 - 0x00007ff83c6f7000 	C:\WINDOWS\System32\msvcrt.dll
0x00007ff83a0c0000 - 0x00007ff83a1d9000 	C:\WINDOWS\System32\gdi32full.dll
0x00007ff83a1e0000 - 0x00007ff83a27a000 	C:\WINDOWS\System32\msvcp_win.dll
0x00007ff83c9a0000 - 0x00007ff83c9d1000 	C:\WINDOWS\System32\IMM32.DLL
0x00007ff836c80000 - 0x00007ff836c8c000 	c:\Users\gunes\.vscode\extensions\redhat.java-1.30.0-win32-x64\jre\17.0.10-win32-x86_64\bin\vcruntime140_1.dll
0x00007ffff35b0000 - 0x00007ffff363d000 	c:\Users\gunes\.vscode\extensions\redhat.java-1.30.0-win32-x64\jre\17.0.10-win32-x86_64\bin\msvcp140.dll
0x00007fffca7f0000 - 0x00007fffcb452000 	c:\Users\gunes\.vscode\extensions\redhat.java-1.30.0-win32-x64\jre\17.0.10-win32-x86_64\bin\server\jvm.dll
0x00007ff83b9f0000 - 0x00007ff83baa2000 	C:\WINDOWS\System32\ADVAPI32.dll
0x00007ff83c1e0000 - 0x00007ff83c288000 	C:\WINDOWS\System32\sechost.dll
0x00007ff83a280000 - 0x00007ff83a2a8000 	C:\WINDOWS\System32\bcrypt.dll
0x00007ff83ad00000 - 0x00007ff83ae15000 	C:\WINDOWS\System32\RPCRT4.dll
0x00007ff8336c0000 - 0x00007ff8336c9000 	C:\WINDOWS\SYSTEM32\WSOCK32.dll
0x00007ff839c20000 - 0x00007ff839c6d000 	C:\WINDOWS\SYSTEM32\POWRPROF.dll
0x00007ff83bae0000 - 0x00007ff83bb51000 	C:\WINDOWS\System32\WS2_32.dll
0x00007ff830240000 - 0x00007ff830274000 	C:\WINDOWS\SYSTEM32\WINMM.dll
0x00007ff81a890000 - 0x00007ff81a89a000 	C:\WINDOWS\SYSTEM32\VERSION.dll
0x00007ff839b00000 - 0x00007ff839b13000 	C:\WINDOWS\SYSTEM32\UMPDC.dll
0x00007ff838e00000 - 0x00007ff838e18000 	C:\WINDOWS\SYSTEM32\kernel.appcore.dll
0x00007ff831e00000 - 0x00007ff831e0a000 	c:\Users\gunes\.vscode\extensions\redhat.java-1.30.0-win32-x64\jre\17.0.10-win32-x86_64\bin\jimage.dll
0x00007ff837600000 - 0x00007ff837833000 	C:\WINDOWS\SYSTEM32\DBGHELP.DLL
0x00007ff83c290000 - 0x00007ff83c618000 	C:\WINDOWS\System32\combase.dll
0x00007ff83c700000 - 0x00007ff83c7d7000 	C:\WINDOWS\System32\OLEAUT32.dll
0x00007ff815880000 - 0x00007ff8158b2000 	C:\WINDOWS\SYSTEM32\dbgcore.DLL
0x00007ff839e10000 - 0x00007ff839e89000 	C:\WINDOWS\System32\bcryptPrimitives.dll
0x00007ff8319d0000 - 0x00007ff8319de000 	c:\Users\gunes\.vscode\extensions\redhat.java-1.30.0-win32-x64\jre\17.0.10-win32-x86_64\bin\instrument.dll
0x00007ffffee60000 - 0x00007ffffee85000 	c:\Users\gunes\.vscode\extensions\redhat.java-1.30.0-win32-x64\jre\17.0.10-win32-x86_64\bin\java.dll
0x00007ff82ef70000 - 0x00007ff82ef88000 	c:\Users\gunes\.vscode\extensions\redhat.java-1.30.0-win32-x64\jre\17.0.10-win32-x86_64\bin\zip.dll
0x00007ff83ae20000 - 0x00007ff83b67c000 	C:\WINDOWS\System32\SHELL32.dll
0x00007ff837d00000 - 0x00007ff8385f6000 	C:\WINDOWS\SYSTEM32\windows.storage.dll
0x00007ff837bc0000 - 0x00007ff837cfe000 	C:\WINDOWS\SYSTEM32\wintypes.dll
0x00007ff83bbc0000 - 0x00007ff83bcb5000 	C:\WINDOWS\System32\SHCORE.dll
0x00007ff83b710000 - 0x00007ff83b76e000 	C:\WINDOWS\System32\shlwapi.dll
0x00007ff839d40000 - 0x00007ff839d61000 	C:\WINDOWS\SYSTEM32\profapi.dll
0x00007ff824a00000 - 0x00007ff824a19000 	C:\Users\gunes\.vscode\extensions\redhat.java-1.30.0-win32-x64\jre\17.0.10-win32-x86_64\bin\net.dll
0x00007ff833100000 - 0x00007ff833236000 	C:\WINDOWS\SYSTEM32\WINHTTP.dll
0x00007ff839270000 - 0x00007ff8392d9000 	C:\WINDOWS\system32\mswsock.dll
0x00007ff802cb0000 - 0x00007ff802cc6000 	C:\Users\gunes\.vscode\extensions\redhat.java-1.30.0-win32-x64\jre\17.0.10-win32-x86_64\bin\nio.dll
0x00007ff830320000 - 0x00007ff830330000 	c:\Users\gunes\.vscode\extensions\redhat.java-1.30.0-win32-x64\jre\17.0.10-win32-x86_64\bin\verify.dll

dbghelp: loaded successfully - version: 4.0.5 - missing functions: none
symbol engine: initialized successfully - sym options: 0x614 - pdb path: .;c:\Users\gunes\.vscode\extensions\redhat.java-1.30.0-win32-x64\jre\17.0.10-win32-x86_64\bin;C:\WINDOWS\SYSTEM32;C:\WINDOWS\WinSxS\amd64_microsoft.windows.common-controls_6595b64144ccf1df_6.0.22621.3527_none_270e469b73872a76;c:\Users\gunes\.vscode\extensions\redhat.java-1.30.0-win32-x64\jre\17.0.10-win32-x86_64\bin\server

VM Arguments:
jvm_args: --add-modules=ALL-SYSTEM --add-opens=java.base/java.util=ALL-UNNAMED --add-opens=java.base/java.lang=ALL-UNNAMED --add-opens=java.base/sun.nio.fs=ALL-UNNAMED -Declipse.application=org.eclipse.jdt.ls.core.id1 -Dosgi.bundles.defaultStartLevel=4 -Declipse.product=org.eclipse.jdt.ls.core.product -Djava.import.generatesMetadataFilesAtProjectRoot=false -DDetectVMInstallationsJob.disabled=true -Dfile.encoding=utf8 -XX:+UseParallelGC -XX:GCTimeRatio=4 -XX:AdaptiveSizePolicyWeight=90 -Dsun.zip.disableMemoryMapping=true -Xmx1G -Xms100m -Xlog:disable -javaagent:c:\Users\gunes\.vscode\extensions\redhat.java-1.30.0-win32-x64\lombok\lombok-1.18.32.jar 
java_command: c:\Users\gunes\.vscode\extensions\redhat.java-1.30.0-win32-x64\server\plugins\org.eclipse.equinox.launcher_1.6.800.v20240330-1250.jar -configuration c:\Users\gunes\AppData\Roaming\Code\User\globalStorage\redhat.java\1.30.0\config_ss_win -data c:\Users\gunes\AppData\Roaming\Code\User\workspaceStorage\d69fcd4d3181687b3fcb63d69d6c0583\redhat.java\ss_ws --pipe=\\.\pipe\lsp-51c5ab15daa2b6e37df1ade6d573aa7e-sock
java_class_path (initial): c:\Users\gunes\.vscode\extensions\redhat.java-1.30.0-win32-x64\server\plugins\org.eclipse.equinox.launcher_1.6.800.v20240330-1250.jar
Launcher Type: SUN_STANDARD

[Global flags]
    uintx AdaptiveSizePolicyWeight                 = 90                                        {product} {command line}
     intx CICompilerCount                          = 4                                         {product} {ergonomic}
    uintx GCTimeRatio                              = 4                                         {product} {command line}
   size_t InitialHeapSize                          = 104857600                                 {product} {command line}
   size_t MaxHeapSize                              = 1073741824                                {product} {command line}
   size_t MaxNewSize                               = 357564416                                 {product} {ergonomic}
   size_t MinHeapDeltaBytes                        = 524288                                    {product} {ergonomic}
   size_t MinHeapSize                              = 104857600                                 {product} {command line}
   size_t NewSize                                  = 34603008                                  {product} {ergonomic}
    uintx NonNMethodCodeHeapSize                   = 5839372                                {pd product} {ergonomic}
    uintx NonProfiledCodeHeapSize                  = 122909434                              {pd product} {ergonomic}
   size_t OldSize                                  = 70254592                                  {product} {ergonomic}
    uintx ProfiledCodeHeapSize                     = 122909434                              {pd product} {ergonomic}
    uintx ReservedCodeCacheSize                    = 251658240                              {pd product} {ergonomic}
     bool SegmentedCodeCache                       = true                                      {product} {ergonomic}
   size_t SoftMaxHeapSize                          = 1073741824                             {manageable} {ergonomic}
     bool UseCompressedClassPointers               = true                           {product lp64_product} {ergonomic}
     bool UseCompressedOops                        = true                           {product lp64_product} {ergonomic}
     bool UseLargePagesIndividualAllocation        = false                                  {pd product} {ergonomic}
     bool UseParallelGC                            = true                                      {product} {command line}

Logging:
Log output configuration:
 #0: stdout all=off uptime,level,tags
 #1: stderr all=off uptime,level,tags

Environment Variables:
JAVA_HOME=C:\Program Files\java\jdk-21.0.2
PATH=C:\Python312\Scripts\;C:\Python312\;C:\WINDOWS\system32;C:\WINDOWS;C:\WINDOWS\System32\Wbem;C:\WINDOWS\System32\WindowsPowerShell\v1.0\;C:\WINDOWS\System32\OpenSSH\;C:\ProgramData\chocolatey\bin;C:\Program Files\nodejs\;C:\Program Files\Git\cmd;C:\Program Files\MySQL\MySQL Shell 8.0\bin\;C:\Users\gunes\AppData\Local\Programs\Eclipse Adoptium\jdk-17.0.6.10-hotspot\bin;C:\Users\gunes\AppData\Local\Microsoft\WindowsApps;C:\Users\gunes\AppData\Local\Programs\Microsoft VS Code\bin;C:\Program Files\JetBrains\IntelliJ IDEA Community Edition 2023.2.4\bin;;C:\Users\gunes\AppData\Roaming\npm;C:\Program Files\java\jdk-21.0.2\bin;
USERNAME=gunes
OS=Windows_NT
PROCESSOR_IDENTIFIER=Intel64 Family 6 Model 154 Stepping 4, GenuineIntel
TMP=C:\Users\gunes\AppData\Local\Temp
TEMP=C:\Users\gunes\AppData\Local\Temp



Periodic native trim disabled


---------------  S Y S T E M  ---------------

OS:
 Windows 11 , 64 bit Build 22621 (10.0.22621.3527)
OS uptime: 3 days 3:34 hours
Hyper-V role detected

CPU: total 12 (initial active 12) (6 cores per cpu, 2 threads per core) family 6 model 154 stepping 4 microcode 0x41e, cx8, cmov, fxsr, ht, mmx, 3dnowpref, sse, sse2, sse3, ssse3, sse4.1, sse4.2, popcnt, lzcnt, tsc, tscinvbit, avx, avx2, aes, erms, clmul, bmi1, bmi2, adx, sha, fma, vzeroupper, clflush, clflushopt, clwb, hv
Processor Information for processor 0
  Max Mhz: 1300, Current Mhz: 1300, Mhz Limit: 1300
Processor Information for processor 1
  Max Mhz: 1300, Current Mhz: 1300, Mhz Limit: 1300
Processor Information for processor 2
  Max Mhz: 1300, Current Mhz: 1300, Mhz Limit: 1300
Processor Information for processor 3
  Max Mhz: 1300, Current Mhz: 1300, Mhz Limit: 1300
Processor Information for processor 4
  Max Mhz: 1300, Current Mhz: 900, Mhz Limit: 897
Processor Information for processor 5
  Max Mhz: 1300, Current Mhz: 900, Mhz Limit: 897
Processor Information for processor 6
  Max Mhz: 1300, Current Mhz: 900, Mhz Limit: 897
Processor Information for processor 7
  Max Mhz: 1300, Current Mhz: 900, Mhz Limit: 897
Processor Information for processor 8
  Max Mhz: 1300, Current Mhz: 900, Mhz Limit: 897
Processor Information for processor 9
  Max Mhz: 1300, Current Mhz: 900, Mhz Limit: 897
Processor Information for processor 10
  Max Mhz: 1300, Current Mhz: 900, Mhz Limit: 897
Processor Information for processor 11
  Max Mhz: 1300, Current Mhz: 900, Mhz Limit: 897

Memory: 4k page, system-wide physical 7891M (282M free)
TotalPageFile size 9939M (AvailPageFile size 14M)
current process WorkingSet (physical memory assigned to process): 79M, peak: 79M
current process commit charge ("private bytes"): 207M, peak: 207M

vm_info: OpenJDK 64-Bit Server VM (17.0.10+7) for windows-amd64 JRE (17.0.10+7), built on Jan 16 2024 23:25:11 by "admin" with MS VC++ 16.10 / 16.11 (VS2019)

END.
